


























































































 1  DBF: C:\USERS\ADMIN\APPDATA\LOCAL\TEMP\00003K7D08PS.TMP Ultimo Control activo:  REGFACPUB_MONTE.CMDIMPRIMIR.CLICK
18-04-2019 15:49:11 , Error: No se encuentra la variable 'ESCOMBO'. Linea : DELETE FOR escombo=1 IN ImpCuerpo Error :         12 Ultimo Alias Activo: IMPCOMBO Ultimo registro:          1 REGISTRO DBF: C:\USERS\ADMIN\APPDATA\LOCAL\TEMP\00003K7D099Z.TMP Ul




























































































timo Control activo:  REGFACPUB_MONTE.CMDIMPRIMIR.CLICK
22-04-2019 11:28:59 , Acceso al sistema, antes de autenticar
22-04-2019 11:30:09 , Acceso al sistema, antes de autenticar
22-04-2019 11:38:55 , Acceso al sistema, antes de autenticar
22-04-2019 11:40:28 , Acceso al sistema, antes de autenticar
22-04-2019 11:53:12 , Acceso al sistema, antes de autenticar
22-04-2019 11:56:17 , Acceso al sistema, antes de autenticar
22-04-2019 11:57:20 , Acceso al sistema, antes de autenticar
22-04-2019 11:59:06 , Acceso al sistema, antes de autenticar
22-04-2019 12:01:50 , Acceso al sistema, antes de autenticar
22-04-2019 12:11:18 , Acceso al sistema, antes de autenticar
22-04-2019 12:28:00 , Acceso al sistema, antes de autenticar
22-04-2019 13:02:10 , Acceso al sistema, antes de autenticar
22-04-2019 13:17:22 , Acceso al sistema, antes de autenticar
22-04-2019 13:29:32 , Acceso al sistema, antes de autenticar
22-04-2019 13:35:17 , Acceso al sistema, antes de autenticar
22-04-2019 13:38:06 , Acceso al sistema, antes de autenticar
22-04-2019 14:07:21 , Acceso al sistema, antes de autenticar
22-04-2019 14:13:39 , Acceso al sistema, antes de autenticar
22-04-2019 14:25:56 , Acceso al sistema, antes de autenticar
22-04-2019 14:39:11 , Acceso al sistema, antes de autenticar
22-04-2019 14:45:00 , Acceso al sistema, antes de autenticar
22-04-2019 14:51:28 , Acceso al sistema, antes de autenticar
22-04-2019 14:59:07 , Acceso al sistema, antes de autenticar
22-04-2019 15:05:35 , Acceso al sistema, antes de autenticar
22-04-2019 15:12:25 , Acceso al sistema, antes de autenticar
22-04-2019 15:22:33 , Acceso al sistema, antes de autenticar
22-04-2019 15:33:43 , Acceso al sistema, antes de autenticar
22-04-2019 15:39:09 , Acceso al sistema, antes de autenticar
22-04-2019 15:39:31 , Acceso al sistema, antes de autenticar
22-04-2019 15:48:08 , Acceso al sistema, antes de autenticar
22-04-2019 15:58:19 , Acceso al sistema, antes de autenticar
22-04-2019 16:13:53 , Acceso al sistema, antes de autenticar
22-04-2019 16:31:13 , Acceso al sistema, antes de autenticar
22-04-2019 16:32:41 , Error: Incompatibilidad entre el tipo de operador y el tipo de operando. Linea : This.GetTraza("Denominacion: "+ cDenominacion) Error :        107 Ultimo Alias Activo:  Ultimo registro:          0  DBF:  Ultimo Control activo:  VERC




























































































UIT_WS.BTTNNOENTER1.CLICK
22-04-2019 16:33:39 , Error: Incompatibilidad entre el tipo de operador y el tipo de operando. Linea : This.GetTraza("Denominacion: "+ cDenominacion) Error :        107 Ultimo Alias Activo:  Ultimo registro:          0  DBF:  Ultimo Control activo:  VERC




























































































UIT_WS.BTTNNOENTER1.CLICK
22-04-2019 16:35:08 , Error: Incompatibilidad entre el tipo de operador y el tipo de operando. Linea : This.GetTraza("Denominacion: "+ cDenominacion) Error :        107 Ultimo Alias Activo:  Ultimo registro:          0  DBF:  Ultimo Control activo:  VERC




























































































UIT_WS.BTTNNOENTER1.CLICK
22-04-2019 17:04:26 , Error: Desplazamiento de búsqueda no válido. Linea : thisform.dataenvironment.opentables() Error :       1103 Ultimo Alias Activo:  Ultimo registro:          0  DBF:  Ultimo Control activo:  ON... 
22-04-2019 17:04:35 , Error: Desplazamiento de búsqueda no válido. Linea : thisform.dataenvironment.opentables() Error :       1103 Ultimo Alias Activo:  Ultimo registro:          0  DBF:  Ultimo Control activo:  ON... 
22-04-2019 17:04:43 , Error: Desplazamiento de búsqueda no válido. Linea : thisform.dataenvironment.opentables() Error :       1103 Ultimo Alias Activo:  Ultimo registro:          0  DBF:  Ultimo Control activo:  ON... 
22-04-2019 17:05:58 , Error: Desplazamiento de búsqueda no válido. Linea : thisform.dataenvironment.opentables() Error :       1103 Ultimo Alias Activo:  Ultimo registro:          0  DBF:  Ultimo Control activo:  ON... 
22-04-2019 17:07:03 , Error: Desplazamiento de búsqueda no válido. Linea : thisform.dataenvironment.opentables() Error :       1103 Ultimo Alias Activo:  Ultimo registro:          0  DBF:  Ultimo Control activo:  ON... 
22-04-2019 17:07:24 , Error: Desplazamiento de búsqueda no válido. Linea : thisform.dataenvironment.opentables() Error :       1103 Ultimo Alias Activo:  Ultimo registro:          0  DBF:  Ultimo Control activo:  ON... 
22-04-2019 17:07:47 , Acceso al sistema, antes de autenticar
22-04-2019 17:11:07 , Error: La referencia al subíndice no es válida. Linea : Impuestos[contador,1]=cIdImpuestos Error :         31 Ultimo Alias Activo:  Ultimo registro:          0  DBF:  Ultimo Control activo:  VERCUIT_WS.BTTNNOENTER1.CLICK
22-04-2019 17:12:04 , Error: La referencia al subíndice no es válida. Linea : Impuestos[contador,1]=cIdImpuesto Error :         31 Ultimo Alias Activo:  Ultimo registro:          0  DBF:  Ultimo Control activo:  VERCUIT_WS.BTTNNOENTER1.CLICK
22-04-2019 17:23:37 , Error: No se encuentra la variable 'CDENOMINACION'. Linea : This.GetTraza("Denominacion: "+ cDenominacion) Error :         12 Ultimo Alias Activo:  Ultimo registro:          0  DBF:  Ultimo Control activo:  VERCUIT_WS.BTTNNOENTER1.C




























































































LICK
22-04-2019 18:34:14 , Error: Incompatibilidad entre el tipo de operador y el tipo de operando. Linea : IF nIdImpuesto > 0 Error :        107 Ultimo Alias Activo:  Ultimo registro:          0  DBF:  Ultimo Control activo:  VERCUIT_WS.BTTNNOENTER1.CLICK
22-04-2019 18:41:36 , Error: Incompatibilidad entre el tipo de operador y el tipo de operando. Linea : This.GetTraza("CUIT: "+ cCuit ) Error :        107 Ultimo Alias Activo:  Ultimo registro:          0  DBF:  Ultimo Control activo:  VERCUIT_WS.BTTNNOEN




























































































TER1.CLICK
22-04-2019 18:42:24 , Error: Incompatibilidad entre el tipo de operador y el tipo de operando. Linea : This.GetTraza("CUIT: "+ cCuit ) Error :        107 Ultimo Alias Activo:  Ultimo registro:          0  DBF:  Ultimo Control activo:  VERCUIT_WS.BTTNNOEN




























































































TER1.CLICK
22-04-2019 18:46:30 , Acceso al sistema, antes de autenticar
22-04-2019 18:46:49 , Error: No se encuentra el alias 'PATRON'. Linea : This.GetTraza("CUIT: "+ patron.cuit ) Error :         13 Ultimo Alias Activo:  Ultimo registro:          0  DBF:  Ultimo Control activo:  VERCUIT_WS.BTTNNOENTER1.CLICK
22-04-2019 19:19:52 , Error: Código de excepción OLE IDispatch 0 de Python COM Server Internal Error: Unexpected Python Error: Traceback (most recent call last):
  File "win32com\server\policy.pyc", line 277, in _Invoke_
  File "win32com\server\policy.pyc", line 282, in _invoke_
  Fi Linea : ok = PADRON.Consultar(cDocumento) Error :       1429 Ultimo Alias Activo:  Ultimo registro:          0  DBF:  Ultimo Control activo:  VERCUIT_WS.BTTNNOENTER1.CLICK
22-04-2019 19:21:23 , Acceso al sistema, antes de autenticar
22-04-2019 20:00:08 , Error: _TXTCUIT es un miembro desconocido. Linea : cCuit = this._txtcuit.Value Error :       1925 Ultimo Alias Activo:  Ultimo registro:          0  DBF:  Ultimo Control activo:  VERCUIT_WS.CMDCONSULTAR.CLICK
22-04-2019 20:01:35 , Error: No se encuentra el objeto OPARAM. Linea : oParam.oDatos = thisform.oWSAFIP.oConstanciacuit Error :       1923 Ultimo Alias Activo:  Ultimo registro:          0  DBF:  Ultimo Control activo:  VERCUIT_WS.CMDSALIR.CLICK
22-04-2019 20:04:18 , Acceso al sistema, antes de autenticar
22-04-2019 20:06:47 , Error: No se encuentra el alias 'CSRCATEGAN'. Linea : .ADDPROPERTY( '_nOriginalHeight', .HEIGHT ) Error :         13 Ultimo Alias Activo: CSRLISTAPRECIO Ultimo registro:          6  DBF: C:\USERS\ADMIN\APPDATA\LOCAL\TEMP\0000FFGP007




























































































L.TMP Ultimo Control activo:  ABMCTACTE.INIT
22-04-2019 20:07:44 , Error: El archivo 'j:\xsoftsql\proyectos\distribuidora\vercuit.scx' no existe. Linea : DO FORM vercuit WITH oParam Error :          1 Ultimo Alias Activo: CSRCTACTE Ultimo registro:         -1  DBF: C:\USERS\ADMIN\APPDATA\LOCAL\TEMP




























































































\0000FFGP00B3.TMP Ultimo Control activo:  ABMCTACTE.CONTENEDOR1.PFRAME1.PAGE1.COMMAND1.CLICK
22-04-2019 20:08:48 , Error: No se encuentra la propiedad CUIT. Linea : cCuit = oParam.Cuit Error :       1734 Ultimo Alias Activo:  Ultimo registro:          0  DBF:  Ultimo Control activo:  ABMCTACTE.CONTENEDOR1.PFRAME1.PAGE1.COMMAND1.CLICK
22-04-2019 20:10:35 , Error: No se encuentra la variable 'ODATOS'. Linea : FOR i = 1 TO oDatos Error :         12 Ultimo Alias Activo: CSRCTACTE Ultimo registro:         -1  DBF: C:\USERS\ADMIN\APPDATA\LOCAL\TEMP\0000FFGP00YN.TMP Ultimo Control activo:  




























































































ABMCTACTE.CONTENEDOR1.PFRAME1.PAGE1.COMMAND1.CLICK
22-04-2019 20:10:57 , Error: No se encuentra la variable 'ODATOS'. Linea : FOR i = 1 TO oDatos Error :         12 Ultimo Alias Activo: CSRCTACTE Ultimo registro:         -1  DBF: C:\USERS\ADMIN\APPDATA\LOCAL\TEMP\0000FFGP00YN.TMP Ultimo Control activo:  




























































































ABMCTACTE.CONTENEDOR1.PFRAME1.PAGE1.COMMAND1.CLICK
22-04-2019 20:12:37 , Error: No se encuentra la variable 'ODATOS'. Linea : FOR i = 1 TO oDatos Error :         12 Ultimo Alias Activo: CSRCTACTE Ultimo registro:         -1  DBF: C:\USERS\ADMIN\APPDATA\LOCAL\TEMP\0000FFGP0170.TMP Ultimo Control activo:  




























































































ABMCTACTE.CONTENEDOR1.PFRAME1.PAGE1.COMMAND1.CLICK
22-04-2019 20:16:57 , Error: OCONSTANCIACUIT es un método, evento u objeto. Linea : Thisform.oDatos = thisform.oWSAFIP.oConstanciacuit Error :       1737 Ultimo Alias Activo:  Ultimo registro:          0  DBF:  Ultimo Control activo:  ABMCTACTE.CONTENEDO




























































































R1.PFRAME1.PAGE1.COMMAND1.CLICK
22-04-2019 20:26:47 , Error: OCONTANCIACUIT no es un objeto. Linea : oContanciaCUIT.denominacion = padron.denominacion Error :       1924 Ultimo Alias Activo:  Ultimo registro:          0  DBF:  Ultimo Control activo:  ABMCTACTE.CONTENEDOR1.PFRAME1.PAGE1




























































































.COMMAND1.CLICK
22-04-2019 20:29:20 , Error: No se encuentra la propiedad CLOCALIDAD. Linea : IF nombre <> oParam.clocalidad Error :       1734 Ultimo Alias Activo: CSRLOCALIDAD Ultimo registro:          1  DBF: C:\USERS\ADMIN\APPDATA\LOCAL\TEMP\0000FFGP02A1.TMP Ultimo 




























































































Control activo:  ABMCTACTE.CONTENEDOR1.PFRAME1.PAGE1.COMMAND1.CLICK
22-04-2019 20:30:40 , Error: No se encuentra la propiedad CLOCALIDAD. Linea : where CsrLocalidad.nombre = '<<oParam.clocalidad>>' Error :       1734 Ultimo Alias Activo: CSRLOCALIDAD Ultimo registro:          1  DBF: C:\USERS\ADMIN\APPDATA\LOCAL\TEMP\000




























































































0FFGP02GC.TMP Ultimo Control activo:  ABMCTACTE.CONTENEDOR1.PFRAME1.PAGE1.COMMAND1.CLICK
22-04-2019 20:32:52 , Error: No se encuentra la variable 'CNOMBRE'. Linea : replace cnombre WITH oConstanciaCuit.denominacion Error :         12 Ultimo Alias Activo: CSRPROVINCIA Ultimo registro:          1  DBF: C:\USERS\ADMIN\APPDATA\LOCAL\TEMP\0000FFG




























































































P02J3.TMP Ultimo Control activo:  ABMCTACTE.CONTENEDOR1.PFRAME1.PAGE1.COMMAND1.CLICK
22-04-2019 20:36:36 , Acceso al sistema, antes de autenticar
22-04-2019 20:48:28 , Error: No se encuentra la propiedad CLOCALIDAD. Linea : oavisar.usuario("No se encontro el dato para "+oParam.clocalidad+CHR(13)+ "CONSULTE ABM LOCALIDADES") Error :       1734 Ultimo Alias Activo: CSRLOCALIDAD Ultimo registro:     




























































































     1  DBF: C:\USERS\ADMIN\APPDATA\LOCAL\TEMP\0000BE2X008P.TMP Ultimo Control activo:  ABMCTACTE.CONTENEDOR1.PFRAME1.PAGE1.COMMAND1.CLICK
23-04-2019 10:53:15 , Acceso al sistema, antes de autenticar
23-04-2019 10:57:50 , Error: Código de excepción OLE IDispatch 0 de ADODB.Recordset: No se puede utilizar la conexión para realizar esta operación. Está cerrada o no es válida en este contexto.. Linea :  Error :       1429 Ultimo Alias Activo:  Ultimo re




























































































gistro:          0  DBF:  Ultimo Control activo:  MAIN
23-04-2019 10:57:54 , Acceso al sistema, antes de autenticar
23-04-2019 11:09:06 , Acceso al sistema, antes de autenticar
23-04-2019 11:09:40 , Acceso al sistema, antes de autenticar
25-04-2019 18:00:35 , Acceso al sistema, antes de autenticar
25-04-2019 18:02:16 , Error: Código de excepción OLE IDispatch 0 de Python COM Server Internal Error: Unexpected Python Error: Traceback (most recent call last):
  File "win32com\server\policy.pyc", line 277, in _Invoke_
  File "win32com\server\policy.pyc", line 282, in _invoke_
  Fi Linea : ok = PADRON.Consultar(cDocumento) Error :       1429 Ultimo Alias Activo:  Ultimo registro:          0  DBF:  Ultimo Control activo:  MAIN
25-04-2019 18:02:43 , Acceso al sistema, antes de autenticar
25-04-2019 18:04:55 , Error: Código de excepción OLE IDispatch 0 de Python COM Server Internal Error: Unexpected Python Error: Traceback (most recent call last):
  File "win32com\server\policy.pyc", line 277, in _Invoke_
  File "win32com\server\policy.pyc", line 282, in _invoke_
  Fi Linea : ok = PADRON.Consultar(cDocumento) Error :       1429 Ultimo Alias Activo:  Ultimo registro:          0  DBF:  Ultimo Control activo:  ABMCTACTE.CONTENEDOR1.PFRAME1.PAGE1.COMMAND1.CLICK
25-04-2019 18:06:11 , Error: El valor, tipo o número de argumentos no es válido para la función. Linea : IF TYPE(oConstanciaCuit)$'O' Error :         11 Ultimo Alias Activo:  Ultimo registro:          0  DBF:  Ultimo Control activo:  ABMCTACTE.CONTENEDOR




























































































1.PFRAME1.PAGE1.COMMAND1.CLICK
25-04-2019 18:09:18 , Error: No se encuentra la variable 'LCCUIT'. Linea : IF vericuit(lccuit) Error :         12 Ultimo Alias Activo:  Ultimo registro:          0  DBF:  Ultimo Control activo:  ABMCTACTE.CONTENEDOR1.PFRAME1.PAGE1.COMMAND1.CLICK
25-04-2019 18:10:15 , Error: Código de excepción OLE IDispatch 0 de Python COM Server Internal Error: Unexpected Python Error: Traceback (most recent call last):
  File "win32com\server\policy.pyc", line 277, in _Invoke_
  File "win32com\server\policy.pyc", line 282, in _invoke_
  Fi Linea : ok = PADRON.Consultar(cDocumento) Error :       1429 Ultimo Alias Activo:  Ultimo registro:          0  DBF:  Ultimo Control activo:  ABMCTACTE.CONTENEDOR1.PFRAME1.PAGE1.COMMAND1.CLICK
25-04-2019 18:10:49 , Error: Código de excepción OLE IDispatch 0 de Python COM Server Internal Error: Unexpected Python Error: Traceback (most recent call last):
  File "win32com\server\policy.pyc", line 277, in _Invoke_
  File "win32com\server\policy.pyc", line 282, in _invoke_
  Fi Linea : ok = PADRON.Consultar(cDocumento) Error :       1429 Ultimo Alias Activo:  Ultimo registro:          0  DBF:  Ultimo Control activo:  ABMCTACTE.CONTENEDOR1.PFRAME1.PAGE1.COMMAND1.CLICK
25-04-2019 18:36:18 , Error: No se encuentra el alias 'CSRLISTAPRECIO'. Linea : SELECT CsrListaPrecio Error :         13 Ultimo Alias Activo: CSRLISTA Ultimo registro:          1 NUMERO DBF: C:\USERS\ADMIN\APPDATA\LOCAL\TEMP\00004KCP0209.TMP Ultimo Contr




























































































ol activo:  ABMCTACTE.LOAD
25-04-2019 18:36:30 , Acceso al sistema, antes de autenticar
26-04-2019 14:57:00 , Acceso al sistema, antes de autenticar
26-04-2019 15:05:11 , Acceso al sistema, antes de autenticar
26-04-2019 15:29:23 , Acceso al sistema, antes de autenticar
26-04-2019 15:30:34 , Error: No se encuentra la variable 'OCONSTANCIACUIT'. Linea : IF NOT ISNULL(oConstanciaCuit) Error :         12 Ultimo Alias Activo: CSRCTACTE Ultimo registro:          3 CNOMBRE DBF: C:\USERS\ADMIN\APPDATA\LOCAL\TEMP\0000CDMX003C.T




























































































MP Ultimo Control activo:  ABMCTACTE.CONTENEDOR1.PFRAME1.PAGE1.COMMAND1.CLICK
26-04-2019 15:45:34 , Acceso al sistema, antes de autenticar
13-05-2019 13:40:25 , Acceso al sistema, antes de autenticar
14-05-2019 14:36:26 , Acceso al sistema, antes de autenticar
14-05-2019 14:37:16 , Error: No se encuentra la propiedad CPROVINCIA. Linea : oavisar.usuario("No se encontro el dato para "+oParam.cprovincia+CHR(13)+ "CONSULTE ABM PROVINCIAS") Error :       1734 Ultimo Alias Activo: CSRPROVINCIA Ultimo registro:      




























































































   25  DBF: C:\USERS\ADMIN\APPDATA\LOCAL\TEMP\0000239L007W.TMP Ultimo Control activo:  MAIN
14-05-2019 14:37:35 , Acceso al sistema, antes de autenticar
21-05-2019 10:58:54 , Acceso al sistema, antes de autenticar
21-05-2019 11:00:56 , Acceso al sistema, antes de autenticar
21-05-2019 11:02:56 , Error: Código de excepción OLE IDispatch 0 de ADODB.Recordset: No se puede utilizar la conexión para realizar esta operación. Está cerrada o no es válida en este contexto.. Linea :  Error :       1429 Ultimo Alias Activo:  Ultimo re




























































































gistro:          0  DBF:  Ultimo Control activo:  MAIN
21-05-2019 11:12:58 , Acceso al sistema, antes de autenticar
21-05-2019 11:22:21 , Error: No se encuentra el alias 'CSRCURSOR'. Linea : SELECT csrcursor Error :         13 Ultimo Alias Activo: CSREJERCICIO Ultimo registro:          1  DBF: C:\USERS\ADMIN\APPDATA\LOCAL\TEMP\00009O2100FB.TMP Ultimo Control activo:  




























































































LISDIARIO.IMPRIMIR_VISTAPREVIA1.IMPRESORA.CLICK
21-05-2019 11:23:33 , Acceso al sistema, antes de autenticar
21-05-2019 11:23:58 , Error: No se encuentra la variable 'ORIGEN'. Linea : IF RTRIM(CsrCursor.origen)='FPE' Error :         12 Ultimo Alias Activo: CSRIMPRIMIR Ultimo registro:          1 NUMERO DBF: C:\USERS\ADMIN\APPDATA\LOCAL\TEMP\00009O2100HX.TMP Ult




























































































imo Control activo:  LISDIARIO.IMPRIMIR_VISTAPREVIA1.IMPRESORA.CLICK
21-05-2019 11:55:42 , Error: No se encuentra el alias 'CSRCURSOR'. Linea : SELECT csrcursor Error :         13 Ultimo Alias Activo: CSREJERCICIO Ultimo registro:          1  DBF: C:\USERS\ADMIN\APPDATA\LOCAL\TEMP\00009O210124.TMP Ultimo Control activo:  




























































































LISDIARIO.IMPRIMIR_VISTAPREVIA1.IMPRESORA.CLICK
21-05-2019 11:56:29 , Error: No se encuentra el alias 'CSRCURSOR'. Linea : SELECT csrcursor Error :         13 Ultimo Alias Activo: CSREJERCICIO Ultimo registro:          1  DBF: C:\USERS\ADMIN\APPDATA\LOCAL\TEMP\00009O210138.TMP Ultimo Control activo:  




























































































LISDIARIO.IMPRIMIR_VISTAPREVIA1.IMPRESORA.CLICK
21-05-2019 11:57:20 , Error: No se encuentra el alias 'CSRCURSOR'. Linea : SELECT csrcursor Error :         13 Ultimo Alias Activo: CSREJERCICIO Ultimo registro:          1  DBF: C:\USERS\ADMIN\APPDATA\LOCAL\TEMP\00009O21014M.TMP Ultimo Control activo:  




























































































LISDIARIO.IMPRIMIR_VISTAPREVIA1.IMPRESORA.CLICK
21-05-2019 12:00:25 , Acceso al sistema, antes de autenticar
21-05-2019 12:31:18 , Error: No se encuentra el alias. Linea : IF RECCOUNT('CsrAuxVario')#0 Error :         13 Ultimo Alias Activo: _CSRORIGEN Ultimo registro:          1 CNUMERO DBF: C:\USERS\ADMIN\APPDATA\LOCAL\TEMP\00009O2101NS.TMP Ultimo Control acti




























































































vo:  LISDIARIO.INIT
21-05-2019 12:31:22 , Acceso al sistema, antes de autenticar
21-05-2019 12:32:04 , Acceso al sistema, antes de autenticar
21-05-2019 12:33:01 , Error: No se encuentra el alias 'CSRCURSOR'. Linea : SELECT csrcursor Error :         13 Ultimo Alias Activo: CSREJERCICIO Ultimo registro:          1  DBF: C:\USERS\ADMIN\APPDATA\LOCAL\TEMP\00009O2101XZ.TMP Ultimo Control activo:  




























































































MAIN
21-05-2019 12:33:27 , Acceso al sistema, antes de autenticar
21-05-2019 12:33:59 , Acceso al sistema, antes de autenticar
21-05-2019 13:13:29 , Acceso al sistema, antes de autenticar
21-05-2019 13:14:05 , Error: No se encuentra la variable 'NTOTDEBE'. Linea : IF nTotDebe=lnTotHaber Error :         12 Ultimo Alias Activo: CSRCURSOR Ultimo registro:          1  DBF: C:\USERS\ADMIN\APPDATA\LOCAL\TEMP\00009O2103KW.TMP Ultimo Control acti




























































































vo:  MAIN
21-05-2019 13:14:36 , Acceso al sistema, antes de autenticar
21-05-2019 22:45:50 , Acceso al sistema, antes de autenticar
22-05-2019 10:40:42 , Acceso al sistema, antes de autenticar
22-05-2019 10:41:23 , Error: No se encuentra la propiedad FECHAVTO. Linea : cKeyV = DTOS(Oscatter.fechavto) Error :       1734 Ultimo Alias Activo: CSRCHEQUES Ultimo registro:          1  DBF: C:\USERS\ADMIN\APPDATA\LOCAL\TEMP\0000EPZD002B.TMP Ultimo Con




























































































trol activo:  RESCTACTE.IMPRIMIR_VISTAPREVIA1.IMPRESORA.CLICK
22-05-2019 10:50:31 , Acceso al sistema, antes de autenticar
22-05-2019 10:51:41 , Error: No se encuentra la etiqueta de índice. Linea : =SEEK(Oscatter.idmaopera,"Csrcancelo","idmaopera") Error :       1683 Ultimo Alias Activo: CSRCANCELO Ultimo registro:          1  DBF: C:\USERS\ADMIN\APPDATA\LOCAL\TEMP\0000D2IX




























































































0032.TMP Ultimo Control activo:  RESCTACTE.IMPRIMIR_VISTAPREVIA1.IMPRESORA.CLICK
22-05-2019 11:08:18 , Error: No se encuentra la propiedad IDCTACTE. Linea : INSERT INTO Csrimprimir (idctacte,idmaopera,ctacte,cnombre,clase,nomcomp,nrocaja,fecha,SaldoRes) VALUES (Oscatter.idctacte,Oscatter.idmovBcocar,Oscatter.ctacte,Oscatter.cnombre,"




























































































D" ,Oscatter.detalle,ncajhasta,Oscatter.fechavto,Oscatter.importe) Error :       1734 Ultimo Alias Activo: CSRCHEQUES Ultimo registro:          1  DBF: C:\USERS\ADMIN\APPDATA\LOCAL\TEMP\0000D2IX00SD.TMP Ultimo Control activo:  RESCTACTE.IMPRIMIR_VISTAPRE




























































































VIA1.PDF.CLICK
22-05-2019 11:10:40 , Error: No se encuentra la propiedad CTACTE. Linea : INSERT INTO Csrimprimir (idctacte,idmaopera,ctacte,cnombre,clase,nomcomp,nrocaja,fecha,SaldoRes) VALUES (Oscatter.idctacte,Oscatter.idmovBcocar,Oscatter.ctacte,Oscatter.cnombre,"D"




























































































 ,Oscatter.detalle,ncajhasta,Oscatter.fechavto,Oscatter.importe) Error :       1734 Ultimo Alias Activo: CSRCHEQUES Ultimo registro:          1  DBF: C:\USERS\ADMIN\APPDATA\LOCAL\TEMP\0000D2IX00UW.TMP Ultimo Control activo:  RESCTACTE.IMPRIMIR_VISTAPREVI




























































































A1.IMPRESORA.CLICK
22-05-2019 11:38:46 , Error: El archivo 'csrctacte.dbf' no existe. Linea : SELECT 0 as ok,CsrCtacte.cnombre as cnombre,CsrCtacte.cnumero as cnumero,CsrCtacte.id as cid ,SPACE(10) as wcampo05,space(10) as wcampo06,00000000.00 as wcampo07 ,00000000.00 as w




























































































campo08,space(10) as wcampo09 from CsrCtacte WHERE ctaacreedor=1 order by cnombre into cursor _CsrCtacte READWRITE Error :          1 Ultimo Alias Activo:  Ultimo registro:          0  DBF:  Ultimo Control activo:  RESCTACTE.CMDCTACTE.CLICK
22-05-2019 11:39:20 , Acceso al sistema, antes de autenticar
23-05-2019 09:05:41 , Acceso al sistema, antes de autenticar
23-05-2019 09:29:22 , Acceso al sistema, antes de autenticar
23-05-2019 09:33:38 , Acceso al sistema, antes de autenticar
23-05-2019 15:24:34 , Acceso al sistema, antes de autenticar
23-05-2019 15:37:02 , Error: No se encuentra la variable 'NIDDEPOSITO'. Linea : BROWSE Error :         12 Ultimo Alias Activo: CSRAUXCUERFAC Ultimo registro:         73  DBF: C:\USERS\ADMIN\APPDATA\LOCAL\TEMP\0000F8JT03XC.TMP Ultimo Control activo:  UTIL
























































































_STOCKZERO.CMDACEPTAR.CLICK
24-05-2019 14:26:07 , Acceso al sistema, antes de autenticar
24-05-2019 14:26:46 , Acceso al sistema, antes de autenticar
24-05-2019 14:28:09 , Acceso al sistema, antes de autenticar
24-05-2019 14:28:54 , Error: No se encuentra la propiedad IDCTACTE. Linea : INSERT INTO Csrimprimir (nidctacte,nidorden,ctacte,nomctacte,clase,subclase,ccomprobante,cfecha,cSaldoRes,ckey) VALUES (Oscatter.idctacte,Oscatter.idmovBcocar,Oscatter.ctacte,Osc




















































































atter.cnombre,"B","A" ,Oscatter.detalle,DTOC(Oscatter.fechavto),STR(Oscatter.importe,15,2),cKey) Error :       1734 Ultimo Alias Activo: CSRCHEQUES Ultimo registro:          1  DBF: C:\USERS\ADMIN\APPDATA\LOCAL\TEMP\0000CW7D00IG.TMP Ultimo Control activo




















































































:  MAIN
24-05-2019 14:29:18 , Acceso al sistema, antes de autenticar
24-05-2019 14:29:57 , Acceso al sistema, antes de autenticar
24-05-2019 14:30:25 , Error: No se encuentra la propiedad CTACTE. Linea : INSERT INTO Csrimprimir (nidctacte,nidorden,ctacte,nomctacte,clase,subclase,ccomprobante,cfecha,cSaldoRes,ckey) VALUES (Oscatter.idctacte,Oscatter.idmovBcocar,Oscatter.ctacte,Oscat


















































































ter.cnombre,"B","A" ,Oscatter.detalle,DTOC(Oscatter.fechavto),STR(Oscatter.importe,15,2),cKey) Error :       1734 Ultimo Alias Activo: CSRCHEQUES Ultimo registro:          1  DBF: C:\USERS\ADMIN\APPDATA\LOCAL\TEMP\0000CW7D00SU.TMP Ultimo Control activo: 


















































































 MAIN
24-05-2019 14:30:33 , Acceso al sistema, antes de autenticar
24-05-2019 14:30:57 , Acceso al sistema, antes de autenticar
24-05-2019 14:31:31 , Error: No se encuentra la propiedad CNOMBRE. Linea : INSERT INTO Csrimprimir (nidctacte,nidorden,ctacte,nomctacte,clase,subclase,ccomprobante,cfecha,cSaldoRes,ckey) VALUES (Oscatter.idctacte,Oscatter.idmovBcocar,Oscatter.ctacte,Osca















































































tter.cnombre,"B","A" ,Oscatter.detalle,DTOC(Oscatter.fechavto),STR(Oscatter.importe,15,2),cKey) Error :       1734 Ultimo Alias Activo: CSRCHEQUES Ultimo registro:          1  DBF: C:\USERS\ADMIN\APPDATA\LOCAL\TEMP\0000CW7D013V.TMP Ultimo Control activo:















































































  MAIN
24-05-2019 14:31:47 , Acceso al sistema, antes de autenticar
24-05-2019 14:32:14 , Acceso al sistema, antes de autenticar
24-05-2019 14:32:43 , Error: No se encuentra la variable 'COMPROBANTE'. Linea : INSERT INTO Csrimprimir (nidctacte,nidorden,ctacte,nomctacte,clase,subclase,comprobante,cfecha,cKey) VALUES (Oscatter.idctacte,0,Oscatter.ctacte,Oscatter.cnombre,"B","Z" ,"To














































































tal de cheques",DTOC(Oscatter.fechavto),cKeyV) Error :         12 Ultimo Alias Activo: CSRCHEQUES Ultimo registro:          1  DBF: C:\USERS\ADMIN\APPDATA\LOCAL\TEMP\0000CW7D01EE.TMP Ultimo Control activo:  MAIN
24-05-2019 14:33:04 , Acceso al sistema, antes de autenticar
24-05-2019 14:34:05 , Acceso al sistema, antes de autenticar
24-05-2019 14:34:30 , Error: No se encuentra la variable 'SALDORES'. Linea : REPLACE SaldoRes WITH STR(lnSdo,15,2) IN CsrImprimir Error :         12 Ultimo Alias Activo: CSRCHEQUES Ultimo registro:          1  DBF: C:\USERS\ADMIN\APPDATA\LOCAL\TEMP\0000C











































































W7D01O1.TMP Ultimo Control activo:  MAIN
24-05-2019 14:34:45 , Acceso al sistema, antes de autenticar
24-05-2019 14:37:00 , Acceso al sistema, antes de autenticar
24-05-2019 16:21:38 , Acceso al sistema, antes de autenticar
24-05-2019 16:22:10 , Error: El archivo 'csrcuerfac.dbf' no existe. Linea : SELECT CsrCuerfac.*,0000000.00 as stock,0000000.00 as total,CAST(0 as n(12,0)) as idcuerfac,0000000.000 as desctoCiva ,0000000.000 as DesctoSiva,CAST(0 as n(12,0)) as registro,CA








































































ST(0 as int) as idfuerzavta,' ' as alcohol ,' ' as codvalido,CAST(0 as n(12,0)) as idcabeunifica,CAST(0 as int) as idprodpromo ,CAST(0 as int) as idprodregalo,000000 as cada,000000 as entrega,0 as nofactura,00000000.000 as InternoFin ,CAST(0 as int) as i








































































dctavta,00000000.000 as UniCiva,00000000.000 as UniSiva,00000000.000 as IvaUni ,00000000.000 as UniCiva2,00000000.000 as UniSiva2,00000000.000 as IvaUni2,CAST(0 as int) as idenvase ,CAST(0 as int) as idprodgenera,0000 as hojaactual,0 as bondigitada, 0000








































































000.000 as cantkilos , 00000000.000 as cantorig, 0 as comprome,CAST(0 as int) as idoriginal, 000000 as orden ,SPACE(10+6) as clavepedido,0 as omitirlistas,SPACE(14) as codextend ,CAST(0 as numeric(12)) as idmovlicita,CAST(0 as numeric(12)) as idmaopelici








































































ta FROM CsrCuerfac WHERE RECNO()=1 AND id=0 INTO CURSOR CsrAuxCuerfac READWRITE Error :          1 Ultimo Alias Activo: CSRAUXMAOPERA Ultimo registro:          1  DBF: C:\USERS\ADMIN\APPDATA\LOCAL\TEMP\0000AAKP00IJ.TMP Ultimo Control activo:  MAIN
28-05-2019 17:52:43 , Acceso al sistema, antes de autenticar
29-05-2019 10:13:56 , Acceso al sistema, antes de autenticar
29-05-2019 10:14:20 , Acceso al sistema, antes de autenticar
29-05-2019 10:31:14 , Acceso al sistema, antes de autenticar
29-05-2019 10:35:10 , Acceso al sistema, antes de autenticar
29-05-2019 10:40:42 , Error: No se encuentra el alias 'CSRA'. Linea : replace nomsubcta WITH CsrSubCtacte.cnombre IN CsrA Error :         13 Ultimo Alias Activo: CSRAUXMOVCTACTE Ultimo registro:          1  DBF: C:\USERS\ADMIN\APPDATA\LOCAL\TEMP\00001MO9



































































01LK.TMP Ultimo Control activo:  REGCTACTE.CMDCONSULTA.CLICK
29-05-2019 12:04:41 , Acceso al sistema, antes de autenticar
31-05-2019 12:43:21 , Acceso al sistema, antes de autenticar
03-06-2019 16:03:32 , Acceso al sistema, antes de autenticar
03-06-2019 16:35:52 , Acceso al sistema, antes de autenticar
03-06-2019 16:36:00 , Acceso al sistema, antes de autenticar
05-06-2019 12:24:08 , Acceso al sistema, antes de autenticar
05-06-2019 12:24:26 , Error: OCONTRIBUYENTE no es un objeto. Linea : oContribuyente.AddProperty('cuit','') Error :       1924 Ultimo Alias Activo:  Ultimo registro:          0  DBF:  Ultimo Control activo:  VERCUIT_WS.OWSAFIP.INIT
05-06-2019 12:25:13 , Error: No se encuentra la propiedad ARBA_CONSULTAR. Linea : .oWsAFIP.ARBA_consultar(cCuit) Error :       1734 Ultimo Alias Activo:  Ultimo registro:          0  DBF:  Ultimo Control activo:  VERCUIT_WS.CMDCONSULTAR.CLICK
05-06-2019 12:25:59 , Error: No se encuentra la propiedad ARBA_CONSULTARCUIT. Linea : .oWsAFIP.ARBA_consultarCuit(cCuit) Error :       1734 Ultimo Alias Activo:  Ultimo registro:          0  DBF:  Ultimo Control activo:  VERCUIT_WS.CMDCONSULTAR.CLICK
05-06-2019 12:28:18 , Error: No se encuentra la propiedad ARBA_IIBB_CERRAR. Linea : this.arba_iibb_cerrar() Error :       1734 Ultimo Alias Activo:  Ultimo registro:          0  DBF:  Ultimo Control activo:  VERCUIT_WS.CMDCONSULTAR.CLICK
05-06-2019 12:32:45 , Acceso al sistema, antes de autenticar
05-06-2019 12:34:11 , Acceso al sistema, antes de autenticar
05-06-2019 13:55:51 , Error: El valor, tipo o número de argumentos no es válido para la función. Linea : cPeriodo = STR(this.containerencabeza._spinneraniofiscaldesde,4)+strzero(this.containerencabeza._cbomesfiscaldesde.Value,2) Error :         11 Ultimo


























































 Alias Activo:  Ultimo registro:          0  DBF:  Ultimo Control activo:  ABMCTACTE.CONTENEDOR1.PFRAME1.PAGE6.COMMAND1.CLICK
05-06-2019 13:56:38 , Error: OCONTRIBUYENTE no es un objeto. Linea : cFecDesde = oContribuyente.periodo+"01" Error :       1924 Ultimo Alias Activo:  Ultimo registro:          0  DBF:  Ultimo Control activo:  ABMCTACTE.CONTENEDOR1.PFRAME1.PAGE6.COMMAND1.

























































CLICK
05-06-2019 14:00:23 , Error: No se encuentra la propiedad PERCEIBBTO. Linea : this.Parent._txtporperceba.Value	= oContribuyente.perceibbto Error :       1734 Ultimo Alias Activo: CSRCTACTE Ultimo registro:          2 CNOMBRE DBF: C:\USERS\ADMIN\APPDATA\L
























































OCAL\TEMP\0000CF0P02B6.TMP Ultimo Control activo:  ABMCTACTE.CONTENEDOR1.PFRAME1.PAGE6.COMMAND1.CLICK
05-06-2019 14:02:14 , Error: No se encuentra la propiedad PERCEIBB. Linea : this.Parent._txtporperceba.Value	= oContribuyente.perceibb Error :       1734 Ultimo Alias Activo: CSRCTACTE Ultimo registro:          1 CNOMBRE DBF: C:\USERS\ADMIN\APPDATA\LOCAL























































\TEMP\0000CF0P02NV.TMP Ultimo Control activo:  ABMCTACTE.CONTENEDOR1.PFRAME1.PAGE6.COMMAND1.CLICK
05-06-2019 14:05:03 , Error: No se encuentra la propiedad PERIODO. Linea : cFecDesde = oContribuyente.periodo+"01" Error :       1734 Ultimo Alias Activo:  Ultimo registro:          0  DBF:  Ultimo Control activo:  ABMCTACTE.CONTENEDOR1.PFRAME1.PAGE6.COM






















































MAND1.CLICK
05-06-2019 14:13:50 , Error: No se encuentra la instrucción PARAMETER. Linea : this.sw_iibb_iniciar() Error :       1238 Ultimo Alias Activo:  Ultimo registro:          0  DBF:  Ultimo Control activo:  ABMCTACTE.CONTENEDOR1.PFRAME1.PAGE1.COMMAND1.CLICK
05-06-2019 14:15:42 , Error: OCONSTANCIACUIT no es un objeto. Linea : replace cnombre WITH oConstanciaCuit.denominacion Error :       1924 Ultimo Alias Activo: CSRCTACTE Ultimo registro:          1 CNOMBRE DBF: C:\USERS\ADMIN\APPDATA\LOCAL\TEMP\0000CF0P0




















































4JU.TMP Ultimo Control activo:  ABMCTACTE.CONTENEDOR1.PFRAME1.PAGE1.COMMAND1.CLICK
05-06-2019 14:17:52 , Error: OCONSTANCIACUIT no es un objeto. Linea : replace cnombre WITH oConstanciaCuit.denominacion Error :       1924 Ultimo Alias Activo: CSRCTACTE Ultimo registro:          1 CNOMBRE DBF: C:\USERS\ADMIN\APPDATA\LOCAL\TEMP\0000CF0P0



















































4QA.TMP Ultimo Control activo:  ABMCTACTE.CONTENEDOR1.PFRAME1.PAGE1.COMMAND1.CLICK
05-06-2019 14:18:30 , Acceso al sistema, antes de autenticar
05-06-2019 14:23:01 , Acceso al sistema, antes de autenticar
05-06-2019 14:25:15 , Acceso al sistema, antes de autenticar
06-06-2019 13:27:54 , Acceso al sistema, antes de autenticar
06-06-2019 13:29:32 , Acceso al sistema, antes de autenticar
06-06-2019 14:19:27 , Acceso al sistema, antes de autenticar
06-06-2019 14:19:39 , Error: No se encuentra la propiedad CONTAINERENCABEZA. Linea : WITH  this.containerencabeza Error :       1734 Ultimo Alias Activo:  Ultimo registro:          0  DBF:  Ultimo Control activo:  LISTSITUACIONAFIP.INIT
06-06-2019 14:19:57 , Error: No se encuentra la variable 'DFECHA'. Linea : ._cbomesfiscaldesde.Value			= MONTH(dFecha) Error :         12 Ultimo Alias Activo:  Ultimo registro:          0  DBF:  Ultimo Control activo:  LISTSITUACIONAFIP.INIT
06-06-2019 14:20:52 , Error: No se encuentra la variable 'NCUIT'. Linea : INDEX on ncuit TAG korden Error :         12 Ultimo Alias Activo: CSRIMPRIMIR Ultimo registro:          1  DBF: C:\USERS\ADMIN\APPDATA\LOCAL\TEMP\00006TC900ZS.TMP Ultimo Control ac














































tivo:  LISTSITUACIONAFIP.IMPRIMIR_VISTAPREVIA1.IMPRESORA.CLICK
06-06-2019 14:21:16 , Error: CONTAINERENCABEZA es un miembro desconocido. Linea : cPeriodo = STR(this.containerencabeza._spinneraniofiscaldesde.Value,4)+strzero(this.containerencabeza._cbomesfiscaldesde.Value,2) Error :       1925 Ultimo Alias Activo: CS













































RIMPRIMIR Ultimo registro:          1  DBF: C:\USERS\ADMIN\APPDATA\LOCAL\TEMP\00006TC9010I.TMP Ultimo Control activo:  LISTSITUACIONAFIP.IMPRIMIR_VISTAPREVIA1.IMPRESORA.CLICK
06-06-2019 14:21:44 , Error: ARBA es un miembro desconocido. Linea : this.oWsAFIP.ARBA.sw_iibb_iniciar() Error :       1925 Ultimo Alias Activo: CSRIMPRIMIR Ultimo registro:          1  DBF: C:\USERS\ADMIN\APPDATA\LOCAL\TEMP\00006TC90118.TMP Ultimo Contr












































ol activo:  LISTSITUACIONAFIP.IMPRIMIR_VISTAPREVIA1.IMPRESORA.CLICK
06-06-2019 14:23:39 , Error: No se encuentra la variable 'LPROCESO'. Linea : IF !lproceso Error :         12 Ultimo Alias Activo: CSRIMPRIMIR Ultimo registro:       1516  DBF: C:\USERS\ADMIN\APPDATA\LOCAL\TEMP\00006TC90121.TMP Ultimo Control activo:  LIS











































TSITUACIONAFIP.IMPRIMIR_VISTAPREVIA1.IMPRESORA.CLICK
06-06-2019 14:24:55 , Acceso al sistema, antes de autenticar
06-06-2019 14:33:56 , Acceso al sistema, antes de autenticar
07-06-2019 12:22:50 , Acceso al sistema, antes de autenticar
13-06-2019 11:10:22 , Acceso al sistema, antes de autenticar
14-06-2019 10:00:11 , Acceso al sistema, antes de autenticar
14-06-2019 10:02:51 , Acceso al sistema, antes de autenticar
14-06-2019 10:18:03 , Acceso al sistema, antes de autenticar
14-06-2019 10:26:45 , Acceso al sistema, antes de autenticar
14-06-2019 10:33:57 , Acceso al sistema, antes de autenticar
14-06-2019 10:40:17 , Error: No se encuentra el alias. Linea : IF RECCOUNT(lcaliasseek)#0 Error :         13 Ultimo Alias Activo:  Ultimo registro:          0  DBF:  Ultimo Control activo:  RESTOCK.KITBUSCAOALTAENPRODUCTO.TXTEXISTE1.INIT
14-06-2019 10:40:24 , Acceso al sistema, antes de autenticar
14-06-2019 12:48:51 , Acceso al sistema, antes de autenticar
14-06-2019 12:49:58 , Error: No se encuentra el alias 'CSRCURSOR'. Linea : SELECT CsrCursor Error :         13 Ultimo Alias Activo: CSRIMPRIMIR Ultimo registro:          1 STRID(IDARTICULO,10)+STRID(IDVARIEDAD,10)+CLAVE DBF: C:\USERS\ADMIN\APPDATA\LOCAL\



































TEMP\0000EWP5001U.TMP Ultimo Control activo:  RESTOCK.IMPRIMIR_VISTAPREVIA1.IMPRESORA.CLICK
14-06-2019 12:57:56 , Error: No se encuentra el alias 'CSRCURSOR'. Linea : SELECT CsrCursor Error :         13 Ultimo Alias Activo: CSRIMPRIMIR Ultimo registro:        555 STRID(IDARTICULO,10)+STRID(IDVARIEDAD,10)+CLAVE DBF: C:\USERS\ADMIN\APPDATA\LOCAL\


































TEMP\0000EWP5003K.TMP Ultimo Control activo:  RESTOCK.IMPRIMIR_VISTAPREVIA1.IMPRESORA.CLICK
14-06-2019 13:28:48 , Error: No se encuentra el alias 'CSRCURSOR'. Linea : SELECT CsrCursor Error :         13 Ultimo Alias Activo:  Ultimo registro:          0  DBF:  Ultimo Control activo:  RESTOCK.IMPRIMIR_VISTAPREVIA1.IMPRESORA.CLICK
14-06-2019 13:58:55 , Error: No se encuentra el alias 'CSRCURSOR'. Linea : SELECT CsrCursor Error :         13 Ultimo Alias Activo: CSRIMPRIMIR Ultimo registro:          1 STRID(IDARTICULO,10)+STRID(IDVARIEDAD,10)+CLAVE DBF: C:\USERS\ADMIN\APPDATA\LOCAL\
































TEMP\0000EWP5008K.TMP Ultimo Control activo:  RESTOCK.IMPRIMIR_VISTAPREVIA1.IMPRESORA.CLICK
21-06-2019 20:29:45 , Acceso al sistema, antes de autenticar
21-06-2019 20:31:06 , Error: Código de excepción OLE IDispatch 0 de ADODB.Recordset: No se puede utilizar la conexión para realizar esta operación. Está cerrada o no es válida en este contexto.. Linea :  Error :       1429 Ultimo Alias Activo:  Ultimo re































gistro:          0  DBF:  Ultimo Control activo:  MAIN
21-06-2019 20:31:10 , Acceso al sistema, antes de autenticar
24-06-2019 12:38:28 , Acceso al sistema, antes de autenticar
24-06-2019 12:42:20 , Acceso al sistema, antes de autenticar
24-06-2019 12:43:52 , Error: No se encuentra la propiedad REPORFORM. Linea : this.Parent.reporform(thisform.cRutaInforme,7,"",loRPTListener) Error :       1734 Ultimo Alias Activo: CSRIMPRIMIR Ultimo registro:          3  DBF: C:\USERS\ADMIN\APPDATA\LOCA





























L\TEMP\000069L500OM.TMP Ultimo Control activo:  CBIOPRECIO_FILE.CMDPROCESAR.CLICK
24-06-2019 12:55:34 , Error: CONTENDEDORFORM es un miembro desconocido. Linea : .ContendedorForm._cboseparador.Value = Precio_Sep Error :       1925 Ultimo Alias Activo: CSRLETRA4 Ultimo registro:          2  DBF: C:\USERS\ADMIN\APPDATA\LOCAL\TEMP\000069




























L501B3.TMP Ultimo Control activo:  CBIOPRECIO_FILE.KITBUSCAOALTAENCTACTE.LOSTFOCUS
24-06-2019 12:55:38 , Error: CONTENDEDORFORM es un miembro desconocido. Linea : .ContendedorForm._cboseparador.Value = Precio_Sep Error :       1925 Ultimo Alias Activo: CSRLETRA4 Ultimo registro:          2  DBF: C:\USERS\ADMIN\APPDATA\LOCAL\TEMP\000069



























L501B3.TMP Ultimo Control activo:  CBIOPRECIO_FILE.KITBUSCAOALTAENCTACTE.LOSTFOCUS
24-06-2019 12:55:44 , Error: CONTENDEDORFORM es un miembro desconocido. Linea : .ContendedorForm._cboseparador.Value = Precio_Sep Error :       1925 Ultimo Alias Activo: CSRLETRA4 Ultimo registro:          2  DBF: C:\USERS\ADMIN\APPDATA\LOCAL\TEMP\000069


























L501B3.TMP Ultimo Control activo:  CBIOPRECIO_FILE.KITBUSCAOALTAENCTACTE.LOSTFOCUS
24-06-2019 12:57:18 , Error: No se encuentra la propiedad REPORFORM. Linea : this.Parent.reporform(thisform.cRutaInforme,7,"",loRPTListener) Error :       1734 Ultimo Alias Activo: CSRIMPRIMIR Ultimo registro:          3  DBF: C:\USERS\ADMIN\APPDATA\LOCA

























L\TEMP\000069L501E8.TMP Ultimo Control activo:  CBIOPRECIO_FILE.CMDPROCESAR.CLICK
24-06-2019 13:05:42 , Error: No se encuentra la variable 'CNUMERO'. Linea : LOCATE FOR ALLTRIM(FsrArticulo.codigo) = &lcCodigo Error :         12 Ultimo Alias Activo: FSRARTICULO Ultimo registro:          1  DBF: C:\USERS\ADMIN\APPDATA\LOCAL\TEMP\000069L
























501LV.TMP Ultimo Control activo:  CBIOPRECIO_FILE.CMDPROCESAR.CLICK
24-06-2019 13:10:49 , Error: No se encuentra la variable 'CNUMERO'. Linea : LOCATE FOR ALLTRIM(FsrArticulo.codigo) = &lcCodigo Error :         12 Ultimo Alias Activo: FSRARTICULO Ultimo registro:          1  DBF: C:\USERS\ADMIN\APPDATA\LOCAL\TEMP\000069L























501OB.TMP Ultimo Control activo:  CBIOPRECIO_FILE.CMDPROCESAR.CLICK
24-06-2019 13:11:39 , Error: El valor, tipo o número de argumentos no es válido para la función. Linea : LOCATE FOR ALLTRIM(FsrArticulo.codigo) = &lcCodigo Error :         11 Ultimo Alias Activo: FSRARTICULO Ultimo registro:          1  DBF: C:\USERS\ADM






















IN\APPDATA\LOCAL\TEMP\000069L501QR.TMP Ultimo Control activo:  CBIOPRECIO_FILE.CMDPROCESAR.CLICK
24-06-2019 13:20:45 , Error: No se encuentra la variable 'COSTOBONV'. Linea : REPLACE idarticulo WITH Csrproducto.id,sucursal WITH Goapp.sucursal,terminal WITH Goapp.terminal ,numero WITH CsrProducto.numero,nombre WITH CsrProducto.nombre ,codalfa WITH Cs





















rProducto.codalfa ,costov WITH Csrproducto.costo,costorepov WITH Csrproducto.costorepo,internov WITH Csrproducto.interno ,costobonv WITH CsrPRoducto.costobon,costoconivav WITH lobjPrecio.costoconiva ,prevta1v WITH Csrproducto.prevta1,prevta2v WITH Csrpro





















ducto.prevta2 ,prevta3v WITH Csrproducto.prevta3,prevta4v WITH Csrproducto.prevta4 ,fletev WITH CsrProducto.flete IN CsrAuxCbioprecio Error :         12 Ultimo Alias Activo: CSRPRODUCTO Ultimo registro:          1  DBF: C:\USERS\ADMIN\APPDATA\LOCAL\TEMP\





















000069L5024W.TMP Ultimo Control activo:  CBIOPRECIO_FILE.CMDPROCESAR.CLICK
24-06-2019 13:42:32 , Error: No se encuentra la variable 'FLETEV'. Linea : REPLACE idarticulo WITH Csrproducto.id,sucursal WITH Goapp.sucursal,terminal WITH Goapp.terminal ,numero WITH CsrProducto.numero,nombre WITH CsrProducto.nombre ,costov WITH Csrpro




















ducto.costo,costorepov WITH Csrproducto.costorepo ,internov WITH Csrproducto.interno,internoporcev WITH Csrproducto.internoporce ,bonif1v WITH CsrProducto.bonif1,bonif2v WITH CsrProducto.bonif2 ,bonif3v WITH CsrProducto.bonif3,bonif4v WITH CsrProducto.bo




















nif4 ,costobonv WITH CsrPRoducto.costobon,costoconivav WITH lobjPrecio.costoconiva ,prevta1v WITH Csrproducto.prevta1,prevta2v WITH Csrproducto.prevta2 ,prevta3v WITH Csrproducto.prevta3,prevta4v WITH Csrproducto.prevta4 ,fletev WITH CsrProducto.flete,se




















gfletev WITH CsrProducto.segflete ,tasav WITH CsrProducto.tasa IN CsrAuxCbioprecio Error :         12 Ultimo Alias Activo: CSRPRODUCTO Ultimo registro:          1  DBF: C:\USERS\ADMIN\APPDATA\LOCAL\TEMP\000069L502B2.TMP Ultimo Control activo:  CBIOPRECIO




















_FILE.CMDPROCESAR.CLICK
24-06-2019 13:43:30 , Error: No coinciden los tipos de datos. Linea : replace tasav WITH FsrArticulo.codbarra13 IN CsrauxCbioPrecio Error :          9 Ultimo Alias Activo: CSRPRODUCTO Ultimo registro:          1  DBF: C:\USERS\ADMIN\APPDATA\LOCAL\TEMP\00



















0069L502DI.TMP Ultimo Control activo:  CBIOPRECIO_FILE.CMDPROCESAR.CLICK
24-06-2019 13:44:14 , Error: No se encuentra la variable 'IDCTACTE'. Linea : replace idctacte WITH CsrProducto.idctacte, proveedor WITH FsrArticulo.proveedor IN CsrAuxCbioPrecio Error :         12 Ultimo Alias Activo: CSRPRODUCTO Ultimo registro:        


















  1  DBF: C:\USERS\ADMIN\APPDATA\LOCAL\TEMP\000069L502FY.TMP Ultimo Control activo:  CBIOPRECIO_FILE.CMDPROCESAR.CLICK
24-06-2019 16:34:00 , Error: No se encuentra la variable 'CODALFAPROV'. Linea : REPLACE idarticulo WITH Csrproducto.id,sucursal WITH Goapp.sucursal,terminal WITH Goapp.terminal ,numero WITH CsrProducto.numero,nombre WITH CsrProducto.nombre ,codartprod WI

















TH CsrProducto.codalfaprov ,costov WITH Csrproducto.costo,costorepov WITH Csrproducto.costorepo ,internov WITH Csrproducto.interno,internoporcev WITH Csrproducto.internoporce ,bonif1v WITH CsrProducto.bonif1,bonif2v WITH CsrProducto.bonif2 ,bonif3v WITH 

















CsrProducto.bonif3,bonif4v WITH CsrProducto.bonif4 ,costobonv WITH CsrPRoducto.costobon,costoconivav WITH lobjPrecio.costoconiva ,prevta1v WITH Csrproducto.prevta1,prevta2v WITH Csrproducto.prevta2 ,prevta3v WITH Csrproducto.prevta3,prevta4v WITH Csrprod

















ucto.prevta4 ,fletev WITH CsrProducto.flete,segfletev WITH CsrProducto.segflete ,tasav WITH CsrProducto.tasa IN CsrAuxCbioprecio Error :         12 Ultimo Alias Activo: CSRPRODUCTO Ultimo registro:          1  DBF: C:\USERS\ADMIN\APPDATA\LOCAL\TEMP\00006

















9L50348.TMP Ultimo Control activo:  CBIOPRECIO_FILE.CMDPROCESAR.CLICK
26-06-2019 17:55:01 , Acceso al sistema, antes de autenticar
26-06-2019 17:56:15 , Error: OLE IDispatch exception code 0 from ADODB.Recordset: No se puede utilizar la conexión para realizar esta operación. Está cerrada o no es válida en este contexto... Linea :  Error :       1429 Ultimo Alias Activo:  Ultimo regi















stro:          0  DBF:  Ultimo Control activo:  MAIN
26-06-2019 17:56:36 , Acceso al sistema, antes de autenticar
26-06-2019 17:56:47 , Error: Unknown member _OCTARESUMEN. Linea : This.contenedor1.pframe1.page1._octaresumen.Visible = .f. Error :       1925 Ultimo Alias Activo: CSRLISTAPRECIO Ultimo registro:          7  DBF: C:\USERS\MONTEN~1\APPDATA\LOCAL\TEMP\0000














696X006U.TMP Ultimo Control activo:  ABMCTACTE.INIT
26-06-2019 17:57:41 , Error: Unknown member _OCTARESUMEN. Linea : This.contenedor1.pframe1.page1._octaresumen.Visible = .f. Error :       1925 Ultimo Alias Activo: CSRLISTAPRECIO Ultimo registro:          7  DBF: C:\USERS\MONTEN~1\APPDATA\LOCAL\TEMP\0000













696X009G.TMP Ultimo Control activo:  ABMCTACTE.INIT
26-06-2019 18:00:43 , Error: Unknown member KITBUSCAOALTAENCTACPRA. Linea : this.contenedor1.pframe1.page1.kitbuscaoaltaenctacpra.Enabled = .objseteoparam.hide_contable Error :       1925 Ultimo Alias Activo: CSRSETEO Ultimo registro:         27  DBF: C:












\USERS\MONTEN~1\APPDATA\LOCAL\TEMP\0000696X00DB.TMP Ultimo Control activo:  ABMCTACTE.INIT
26-06-2019 18:02:14 , Error: Unknown member PAGE3. Linea : .page3.lblclienteactivo.Caption = this.Value Error :       1925 Ultimo Alias Activo: CSRCTACTE Ultimo registro:         -1 CNOMBRE DBF: C:\USERS\MONTEN~1\APPDATA\LOCAL\TEMP\0000696X01IK.TMP Ultim











o Control activo: CNOMBRE ABMCTACTE.CONTENEDOR1.PFRAME1.PAGE1._TXTNOMBRE.VALID
26-06-2019 18:02:20 , Error: Unknown member PAGE3. Linea : .page3.lblclienteactivo.Caption = this.Value Error :       1925 Ultimo Alias Activo: CSRCTACTE Ultimo registro:         -1 CNOMBRE DBF: C:\USERS\MONTEN~1\APPDATA\LOCAL\TEMP\0000696X01IK.TMP Ultim










o Control activo:  ABMCTACTE.CONTENEDOR1.PFRAME1.PAGE1._TXTNOMBRE.VALID
26-06-2019 18:02:24 , Error: Unknown member PAGE3. Linea : .page3.lblclienteactivo.Caption = this.Value Error :       1925 Ultimo Alias Activo: CSRCTACTE Ultimo registro:         -1 CNOMBRE DBF: C:\USERS\MONTEN~1\APPDATA\LOCAL\TEMP\0000696X01IK.TMP Ultim









o Control activo:  ABMCTACTE.CONTENEDOR1.PFRAME1.PAGE1._TXTNOMBRE.VALID
26-06-2019 18:02:27 , Error: Unknown member PAGE3. Linea : .page3.lblclienteactivo.Caption = this.Value Error :       1925 Ultimo Alias Activo: CSRCTACTE Ultimo registro:         -1 CNOMBRE DBF: C:\USERS\MONTEN~1\APPDATA\LOCAL\TEMP\0000696X01IK.TMP Ultim








o Control activo:  ABMCTACTE.CONTENEDOR1.PFRAME1.PAGE1._TXTNOMBRE.VALID
26-06-2019 18:02:53 , Acceso al sistema, antes de autenticar
26-06-2019 18:13:42 , Error: Data type mismatch. Linea : replace cuit WITH oConstanciaCuit.cuit Error :          9 Ultimo Alias Activo: CSRCTACTE Ultimo registro:         -1  DBF: C:\USERS\MONTEN~1\APPDATA\LOCAL\TEMP\00002M1500OQ.TMP Ultimo Control activ







o:  ABMCTACTE.CONTENEDOR1.PFRAME1.PAGE1.COMMAND1.CLICK
27-06-2019 12:12:21 , Acceso al sistema, antes de autenticar
27-06-2019 12:17:40 , Error: El archivo 'csrmovctacte.dbf' no existe. Linea : SELECT CsrMovctacte.*,SPACE(35) as cnombre, CAST(0 as int) as idfletero, SPACE(35) nomflete FROM CsrMovCtacte WHERE RECNO()=1 AND id=0 INTO CURSOR CsrAuxMovctacte READWRITE Err





or :          1 Ultimo Alias Activo:  Ultimo registro:          0  DBF:  Ultimo Control activo:  REGCTACTE.LOAD
27-06-2019 12:17:46 , Acceso al sistema, antes de autenticar
27-06-2019 13:46:40 , Acceso al sistema, antes de autenticar
27-06-2019 13:47:08 , Error: No se encuentra la variable 'COSTO'. Linea : .column11.controlsource = IIF(thisform.solocosto,'CsrBusProd.costo',.column11.controlsource ) Error :         12 Ultimo Alias Activo: CSRBUSPROD Ultimo registro:        184 NOMARTI



CULO DBF: C:\USERS\ADMIN\APPDATA\LOCAL\TEMP\0000B40900AZ.TMP Ultimo Control activo: CODEXTEND MAIN
27-06-2019 13:47:38 , Acceso al sistema, antes de autenticar
27-06-2019 13:48:50 , Acceso al sistema, antes de autenticar
27-06-2019 13:49:09 , Error: No se encuentra la variable 'COSTO'. Linea : .column11.controlsource = 'CsrBusProd.costo' Error :         12 Ultimo Alias Activo: CSRBUSPROD Ultimo registro:        184 NOMARTICULO DBF: C:\USERS\ADMIN\APPDATA\LOCAL\TEMP\0000B

40900QU.TMP Ultimo Control activo: CODEXTEND MAIN
27-06-2019 13:49:21 , Acceso al sistema, antes de autenticar
27-06-2019 13:51:43 , Acceso al sistema, antes de autenticar
27-06-2019 15:15:49 , Acceso al sistema, antes de autenticar
27-06-2019 15:15:59 , Acceso al sistema, antes de autenticar
27-06-2019 15:17:03 , Error: No se encuentra la propiedad CHKVARIEDAD. Linea : loObjSalir	= &lcObjSalir Error :       1734 Ultimo Alias Activo: _CSRVARIEDAD Ultimo registro:          1 CNUMERO DBF: C:\USERS\ADMIN\APPDATA\LOCAL\TEMP\00006RD5004B.TMP Ultim
o Control activo:  EST_ULTIMACOMPRA.BOTONAGREGARGRID1.CLICK
27-06-2019 15:27:47 , Acceso al sistema, antes de autenticar
